<?xml version="1.0" encoding="UTF-8"?>
<!-- Generated by org.testng.reporters.JUnitReportReporter -->
<testsuite hostname="DESKTOP-8RBRC1F" failures="0" tests="1" name="product.CreateProductTest" time="29.696" errors="0" timestamp="2024-09-02T20:58:30 IST" skipped="0">
  <testcase classname="product.CreateProductTest" name="createProductTest" time="29.696"/>
  <system-out/>
</testsuite> <!-- product.CreateProductTest -->
