<?xml version="1.0" encoding="UTF-8"?>
<!-- Generated by org.testng.reporters.JUnitReportReporter -->
<testsuite hostname="DESKTOP-8RBRC1F" failures="0" tests="1" name="organization.CreateOrganisationTest" time="31.139" errors="0" timestamp="2024-09-02T20:01:36 IST" skipped="0">
  <testcase classname="organization.CreateOrganisationTest" name="createOrganisationTest" time="31.139"/>
  <system-out/>
</testsuite> <!-- organization.CreateOrganisationTest -->
