<?xml version="1.0" encoding="UTF-8"?>
<!-- Generated by org.testng.reporters.JUnitReportReporter -->
<testsuite hostname="DESKTOP-8RBRC1F" failures="0" tests="2" name="testNgPractice.DataProviderEx2" time="0.055" errors="0" timestamp="2024-08-30T20:15:45 IST" skipped="0">
  <testcase classname="testNgPractice.DataProviderEx2" name="bookTickets" time="0.017"/>
  <testcase classname="testNgPractice.DataProviderEx2" name="bookTickets" time="0.038"/>
</testsuite> <!-- testNgPractice.DataProviderEx2 -->
