<?xml version="1.0" encoding="UTF-8"?>
<!-- Generated by org.testng.reporters.JUnitReportReporter -->
<testsuite hostname="DESKTOP-8RBRC1F" failures="0" tests="1" name="contacts.CreateContactTest" time="42.153" errors="0" timestamp="2024-09-02T20:01:36 IST" skipped="0">
  <testcase classname="contacts.CreateContactTest" name="createContactTest" time="42.153"/>
  <system-out/>
</testsuite> <!-- contacts.CreateContactTest -->
