<?xml version="1.0" encoding="UTF-8"?>
<!-- Generated by org.testng.reporters.JUnitReportReporter -->
<testsuite hostname="DESKTOP-8RBRC1F" failures="0" tests="1" name="campaign.CreateAndDeleteTest" time="53.423" errors="0" timestamp="2024-09-11T01:10:20 IST" skipped="0">
  <testcase classname="campaign.CreateAndDeleteTest" name="createAndDeleteTest" time="53.423"/>
  <system-out/>
</testsuite> <!-- campaign.CreateAndDeleteTest -->
