<?xml version="1.0" encoding="UTF-8"?>
<!-- Generated by org.testng.reporters.JUnitReportReporter -->
<testsuite hostname="DESKTOP-8RBRC1F" failures="0" tests="3" name="testNgPractice.DataProviderEx1" time="0.044" errors="0" timestamp="2024-08-30T20:06:52 IST" skipped="0">
  <testcase classname="testNgPractice.DataProviderEx1" name="bookTickets" time="0.014"/>
  <testcase classname="testNgPractice.DataProviderEx1" name="bookTickets" time="0.022"/>
  <testcase classname="testNgPractice.DataProviderEx1" name="bookTickets" time="0.008"/>
</testsuite> <!-- testNgPractice.DataProviderEx1 -->
