<?xml version="1.0" encoding="UTF-8"?>
<!-- Generated by org.testng.reporters.JUnitReportReporter -->
<testsuite hostname="DESKTOP-8RBRC1F" failures="0" tests="3" name="testNgPractice.CreateOrgExcelSheet" time="115.962" errors="0" timestamp="2024-09-01T13:21:33 IST" skipped="0">
  <testcase classname="testNgPractice.CreateOrgExcelSheet" name="orgModuleTest" time="24.202"/>
  <system-out/>
  <testcase classname="testNgPractice.CreateOrgExcelSheet" name="orgModuleTest" time="20.253"/>
  <system-out/>
  <testcase classname="testNgPractice.CreateOrgExcelSheet" name="orgModuleTest" time="71.507"/>
  <system-out/>
</testsuite> <!-- testNgPractice.CreateOrgExcelSheet -->
