<?xml version="1.0" encoding="UTF-8"?>
<!-- Generated by org.testng.reporters.JUnitReportReporter -->
<testsuite hostname="DESKTOP-8RBRC1F" failures="0" tests="2" name="testNgPractice.CreateOrganization" time="42.147" errors="0" timestamp="2024-08-30T22:42:39 IST" skipped="0">
  <testcase classname="testNgPractice.CreateOrganization" name="organisationModuleTest" time="17.735"/>
  <testcase classname="testNgPractice.CreateOrganization" name="organisationModuleTest" time="24.412"/>
</testsuite> <!-- testNgPractice.CreateOrganization -->
