<?xml version="1.0" encoding="UTF-8"?>
<!-- Generated by org.testng.reporters.JUnitReportReporter -->
<testsuite hostname="DESKTOP-8RBRC1F" failures="0" tests="1" name="campaign.CreateCampaignTest" time="35.031" errors="0" timestamp="2024-09-02T20:58:30 IST" skipped="0">
  <testcase classname="campaign.CreateCampaignTest" name="createCampaignTest" time="35.031"/>
  <system-out/>
</testsuite> <!-- campaign.CreateCampaignTest -->
