<?xml version="1.0" encoding="UTF-8"?>
<!-- Generated by org.testng.reporters.JUnitReportReporter -->
<testsuite hostname="DESKTOP-8RBRC1F" failures="0" tests="1" name="campaign.CreateCampaingWithProductTest" time="50.590" errors="0" timestamp="2024-09-02T20:58:30 IST" skipped="0">
  <testcase classname="campaign.CreateCampaingWithProductTest" name="createCampaingWithProductTest" time="50.590"/>
  <system-out/>
</testsuite> <!-- campaign.CreateCampaingWithProductTest -->
